<?xml version="1.0" encoding="UTF-8" standalone="no"?>
<testsuite failures="1" name="Test Suite" skipped="0" tests="5" time="190.188">

<testcase classname="US1001 Positive login testi" name="TC01 Email ile Positive Login Testi" time="40.365">
            
    <system-out>
                    
        <![CDATA[Given kullanici "URL" sayfasina gider.......................................passed
And kullanici giris yap linkine tiklar......................................passed
Then kullanici mail olarak "ValidEmail" girer...............................passed
And kullanici password olarak "ValidPassword" girer.........................passed
And kullanici giris yap butonuna tiklar.....................................passed
Then kullanici basarili giris yaptigini test eder...........................passed
And kullanici sayfayi kapatir...............................................passed
]]>
                
    </system-out>
        
</testcase>

<testcase classname="US1002 Negative Login Test" name="TC04 Yanlış mail ve doğru şifre ile giriş yapılmamalı" time="26.349">
            
    <system-out>
                    
        <![CDATA[Given kullanici "URL" sayfasina gider.......................................passed
And kullanici giris yap linkine tiklar......................................passed
And kullanici mail olarak "InvalidEmail" girer..............................passed
And kullanici password olarak "ValidPassword" girer.........................passed
And kullanici giris yap butonuna tiklar.....................................passed
Then kullanici basarili giris yapılmadigini test eder.......................passed
And kullanici sayfayi kapatir...............................................passed
]]>
                
    </system-out>
        
</testcase>

<testcase classname="US1001 Positive login testi" name="TC02 Username ile Positive Login Testi" time="57.052">
            
    <failure message="no such element: Unable to locate element: {&quot;method&quot;:&quot;xpath&quot;,&quot;selector&quot;:&quot;//div[@title='Hesabım']&quot;}&#10;  (Session info: chrome=98.0.4758.102)&#10;For documentation on this error, please visit: https://selenium.dev/exceptions/#no_such_element&#10;Build info: version: '4.1.2', revision: '9a5a329c5a'&#10;System info: host: 'DESKTOP-94EGU8O', ip: '192.168.99.2', os.name: 'Windows 10', os.arch: 'amd64', os.version: '10.0', java.version: '11.0.11'&#10;Driver info: org.openqa.selenium.chrome.ChromeDriver&#10;Command: [61d8f5576a3eabd251f2dbb73f4fdc10, findElement {using=xpath, value=//div[@title='Hesabım']}]&#10;Capabilities {acceptInsecureCerts: false, browserName: chrome, browserVersion: 98.0.4758.102, chrome: {chromedriverVersion: 98.0.4758.102 (273bf7ac8c90..., userDataDir: C:\Users\Erdi\AppData\Local...}, goog:chromeOptions: {debuggerAddress: localhost:62767}, javascriptEnabled: true, networkConnectionEnabled: false, pageLoadStrategy: normal, platform: WINDOWS, platformName: WINDOWS, proxy: Proxy(), se:cdp: ws://localhost:62767/devtoo..., se:cdpVersion: 98.0.4758.102, setWindowRect: true, strictFileInteractability: false, timeouts: {implicit: 0, pageLoad: 300000, script: 30000}, unhandledPromptBehavior: dismiss and notify, webauthn:extension:credBlob: true, webauthn:extension:largeBlob: true, webauthn:virtualAuthenticators: true}&#10;Session ID: 61d8f5576a3eabd251f2dbb73f4fdc10" type="org.openqa.selenium.NoSuchElementException">
                    
        <![CDATA[Given kullanici "URL" sayfasina gider.......................................passed
And kullanici giris yap linkine tiklar......................................passed
Then kullanici username olarak "ValidUsername" girer........................passed
And kullanici giris yap butonuna tiklar.....................................passed
Then kullanici basarili giris yaptigini test eder...........................failed
And kullanici sayfayi kapatir...............................................skipped

StackTrace:
org.openqa.selenium.NoSuchElementException: no such element: Unable to locate element: {"method":"xpath","selector":"//div[@title='Hesabım']"}
  (Session info: chrome=98.0.4758.102)
For documentation on this error, please visit: https://selenium.dev/exceptions/#no_such_element
Build info: version: '4.1.2', revision: '9a5a329c5a'
System info: host: 'DESKTOP-94EGU8O', ip: '192.168.99.2', os.name: 'Windows 10', os.arch: 'amd64', os.version: '10.0', java.version: '11.0.11'
Driver info: org.openqa.selenium.chrome.ChromeDriver
Command: [61d8f5576a3eabd251f2dbb73f4fdc10, findElement {using=xpath, value=//div[@title='Hesabım']}]
Capabilities {acceptInsecureCerts: false, browserName: chrome, browserVersion: 98.0.4758.102, chrome: {chromedriverVersion: 98.0.4758.102 (273bf7ac8c90..., userDataDir: C:\Users\Erdi\AppData\Local...}, goog:chromeOptions: {debuggerAddress: localhost:62767}, javascriptEnabled: true, networkConnectionEnabled: false, pageLoadStrategy: normal, platform: WINDOWS, platformName: WINDOWS, proxy: Proxy(), se:cdp: ws://localhost:62767/devtoo..., se:cdpVersion: 98.0.4758.102, setWindowRect: true, strictFileInteractability: false, timeouts: {implicit: 0, pageLoad: 300000, script: 30000}, unhandledPromptBehavior: dismiss and notify, webauthn:extension:credBlob: true, webauthn:extension:largeBlob: true, webauthn:virtualAuthenticators: true}
Session ID: 61d8f5576a3eabd251f2dbb73f4fdc10
	at java.base/jdk.internal.reflect.NativeConstructorAccessorImpl.newInstance0(Native Method)
	at java.base/jdk.internal.reflect.NativeConstructorAccessorImpl.newInstance(NativeConstructorAccessorImpl.java:62)
	at java.base/jdk.internal.reflect.DelegatingConstructorAccessorImpl.newInstance(DelegatingConstructorAccessorImpl.java:45)
	at java.base/java.lang.reflect.Constructor.newInstance(Constructor.java:490)
	at org.openqa.selenium.remote.codec.w3c.W3CHttpResponseCodec.createException(W3CHttpResponseCodec.java:200)
	at org.openqa.selenium.remote.codec.w3c.W3CHttpResponseCodec.decode(W3CHttpResponseCodec.java:133)
	at org.openqa.selenium.remote.codec.w3c.W3CHttpResponseCodec.decode(W3CHttpResponseCodec.java:53)
	at org.openqa.selenium.remote.HttpCommandExecutor.execute(HttpCommandExecutor.java:184)
	at org.openqa.selenium.remote.service.DriverCommandExecutor.invokeExecute(DriverCommandExecutor.java:167)
	at org.openqa.selenium.remote.service.DriverCommandExecutor.execute(DriverCommandExecutor.java:142)
	at org.openqa.selenium.remote.RemoteWebDriver.execute(RemoteWebDriver.java:558)
	at org.openqa.selenium.remote.ElementLocation$ElementFinder$2.findElement(ElementLocation.java:162)
	at org.openqa.selenium.remote.ElementLocation.findElement(ElementLocation.java:60)
	at org.openqa.selenium.remote.RemoteWebDriver.findElement(RemoteWebDriver.java:382)
	at org.openqa.selenium.remote.RemoteWebDriver.findElement(RemoteWebDriver.java:374)
	at org.openqa.selenium.support.pagefactory.DefaultElementLocator.findElement(DefaultElementLocator.java:70)
	at org.openqa.selenium.support.pagefactory.internal.LocatingElementHandler.invoke(LocatingElementHandler.java:39)
	at com.sun.proxy.$Proxy17.isDisplayed(Unknown Source)
	at stepdefinitions.US1001_positiveLoginTestStepDefinitions.kullanici_basarili_giris_yaptigini_test_eder(US1001_positiveLoginTestStepDefinitions.java:39)
	at ✽.kullanici basarili giris yaptigini test eder(file:///C:/Users/Erdi/Desktop/Cucumber/com.gittigidiyorCucumberCase/src/test/resources/features/US1001_PositiveLoginTest.feature:19)
]]>
                
    </failure>
        
</testcase>

<testcase classname="US1002 Negative Login Test" name="TC05 Doğru mail ve yanlış şifre ile giriş yapılmamalı" time="18.726">
            
    <system-out>
                    
        <![CDATA[Given kullanici "URL" sayfasina gider.......................................passed
And kullanici giris yap linkine tiklar......................................passed
And kullanici mail olarak "ValidEmail" girer................................passed
And kullanici password olarak "InvalidPassword" girer.......................passed
And kullanici giris yap butonuna tiklar.....................................passed
Then kullanici basarili giris yapılmadigini test eder.......................passed
And kullanici sayfayi kapatir...............................................passed
]]>
                
    </system-out>
        
</testcase>

<testcase classname="US1002 Negative Login Test" name="TC03 Yanlis mail ve yanlis şifre ile giriş yapılmamalı" time="32.911">
            
    <system-out>
                    
        <![CDATA[Given kullanici "URL" sayfasina gider.......................................passed
And kullanici giris yap linkine tiklar......................................passed
And kullanici mail olarak "InvalidEmail" girer..............................passed
And kullanici password olarak "InvalidPassword" girer.......................passed
And kullanici giris yap butonuna tiklar.....................................passed
Then kullanici basarili giris yapılmadigini test eder.......................passed
And kullanici sayfayi kapatir...............................................passed
]]>
                
    </system-out>
        
</testcase>

</testsuite>